Replace Part C1 CAP100n in D:\Badge\V2\Badge_V2.SchDoc with CAP100n from Badge_V2.SchLib
Replace Part C2 CAP100n in D:\Badge\V2\Badge_V2.SchDoc with CAP100n from Badge_V2.SchLib
Replace Part C3 CAP33p in D:\Badge\V2\Badge_V2.SchDoc with CAP33p from Badge_V2.SchLib
Replace Part C4 CAP33p in D:\Badge\V2\Badge_V2.SchDoc with CAP33p from Badge_V2.SchLib
Replace Part GND TestPoint in D:\Badge\V2\Badge_V2.SchDoc with TestPoint from Badge_V2.SchLib
Replace Part LED1 LED_0805 in D:\Badge\V2\Badge_V2.SchDoc with LED_0805 from Badge_V2.SchLib
Replace Part LED2 LED_0805 in D:\Badge\V2\Badge_V2.SchDoc with LED_0805 from Badge_V2.SchLib
Replace Part LED3 LED_0805 in D:\Badge\V2\Badge_V2.SchDoc with LED_0805 from Badge_V2.SchLib
Replace Part LED4 LED_0805 in D:\Badge\V2\Badge_V2.SchDoc with LED_0805 from Badge_V2.SchLib
Replace Part LED5 LED_0805 in D:\Badge\V2\Badge_V2.SchDoc with LED_0805 from Badge_V2.SchLib
Replace Part LED6 LED_0805 in D:\Badge\V2\Badge_V2.SchDoc with LED_0805 from Badge_V2.SchLib
Replace Part LED7 LED_0805 in D:\Badge\V2\Badge_V2.SchDoc with LED_0805 from Badge_V2.SchLib
Replace Part LED8 LED_0805 in D:\Badge\V2\Badge_V2.SchDoc with LED_0805 from Badge_V2.SchLib
Replace Part LED9 LED_0805 in D:\Badge\V2\Badge_V2.SchDoc with LED_0805 from Badge_V2.SchLib
Replace Part LED10 LED_0805 in D:\Badge\V2\Badge_V2.SchDoc with LED_0805 from Badge_V2.SchLib
Replace Part LED11 LED_0805 in D:\Badge\V2\Badge_V2.SchDoc with LED_0805 from Badge_V2.SchLib
Replace Part LED12 LED_0805 in D:\Badge\V2\Badge_V2.SchDoc with LED_0805 from Badge_V2.SchLib
Replace Part LS1 Piezo in D:\Badge\V2\Badge_V2.SchDoc with Piezo from Badge_V2.SchLib
Replace Part MISO TestPoint in D:\Badge\V2\Badge_V2.SchDoc with TestPoint from Badge_V2.SchLib
Replace Part MOSI TestPoint in D:\Badge\V2\Badge_V2.SchDoc with TestPoint from Badge_V2.SchLib
Replace Part P1 CN-2P-M-R6 in D:\Badge\V2\Badge_V2.SchDoc with CN-2P-M-R6 from Badge_V2.SchLib
Replace Part R14 RES10K in D:\Badge\V2\Badge_V2.SchDoc with RES10K from Badge_V2.SchLib
Replace Part SCK TestPoint in D:\Badge\V2\Badge_V2.SchDoc with TestPoint from Badge_V2.SchLib
Replace Part SW1 SPDT_Switch in D:\Badge\V2\Badge_V2.SchDoc with SPDT_Switch from Badge_V2.SchLib
Replace Part VDD TestPoint in D:\Badge\V2\Badge_V2.SchDoc with TestPoint from Badge_V2.SchLib
Replace Part VDD_CC TestPoint in D:\Badge\V2\Badge_V2.SchDoc with TestPoint from Badge_V2.SchLib
Replace Part Y1 ECS-160-20-3X-TR in D:\Badge\V2\Badge_V2.SchDoc with ECS-160-20-3X-TR from Badge_V2.SchLib
