Added Component: Designator=C1(CAPC0805(2012)145_L)
Add component (AddParameter): Name = "Manufacturer"; Value = "Yageo"; VariantName = "[No Variations]"
Add component (AddParameter): Name = "MPN"; Value = "CC0805ZRY5V9BB104"; VariantName = "[No Variations]"
Add component (AddParameter): Name = "Value"; Value = ".1uF"; VariantName = "[No Variations]"
Added Component: Designator=C2(CAPC0805(2012)145_L)
Add component (AddParameter): Name = "Manufacturer"; Value = "Yageo"; VariantName = "[No Variations]"
Add component (AddParameter): Name = "MPN"; Value = "CC0805ZRY5V9BB104"; VariantName = "[No Variations]"
Add component (AddParameter): Name = "Value"; Value = ".1uF"; VariantName = "[No Variations]"
Added Component: Designator=C3(CAPC0805(2012)145_L)
Add component (AddParameter): Name = "Manufacturer"; Value = "Yageo"; VariantName = "[No Variations]"
Add component (AddParameter): Name = "MPN"; Value = "CC0805JRNPO9BN330"; VariantName = "[No Variations]"
Add component (AddParameter): Name = "Value"; Value = "33pF"; VariantName = "[No Variations]"
Added Component: Designator=C4(CAPC0805(2012)145_L)
Add component (AddParameter): Name = "Manufacturer"; Value = "Yageo"; VariantName = "[No Variations]"
Add component (AddParameter): Name = "MPN"; Value = "CC0805JRNPO9BN330"; VariantName = "[No Variations]"
Add component (AddParameter): Name = "Value"; Value = "33pF"; VariantName = "[No Variations]"
Added Component: Designator=GND(TP)
Add component (AddParameter): Name = "Manufacturer"; Value = "N/A"; VariantName = "[No Variations]"
Add component (AddParameter): Name = "MPN"; Value = "N/A"; VariantName = "[No Variations]"
Add component (AddParameter): Name = "Value"; Value = "TP"; VariantName = "[No Variations]"
Added Component: Designator=LED1(LED_0805)
Add component (AddParameter): Name = "Manufacturer"; Value = "Würth Elektronik"; VariantName = "[No Variations]"
Add component (AddParameter): Name = "MPN"; Value = "150080RS75000"; VariantName = "[No Variations]"
Add component (AddParameter): Name = "Value"; Value = "Red"; VariantName = "[No Variations]"
Added Component: Designator=LED2(LED_0805)
Add component (AddParameter): Name = "Manufacturer"; Value = "Würth Elektronik"; VariantName = "[No Variations]"
Add component (AddParameter): Name = "MPN"; Value = "150080RS75000"; VariantName = "[No Variations]"
Add component (AddParameter): Name = "Value"; Value = "Red"; VariantName = "[No Variations]"
Added Component: Designator=LED3(LED_0805)
Add component (AddParameter): Name = "Manufacturer"; Value = "Würth Elektronik"; VariantName = "[No Variations]"
Add component (AddParameter): Name = "MPN"; Value = "150080RS75000"; VariantName = "[No Variations]"
Add component (AddParameter): Name = "Value"; Value = "Red"; VariantName = "[No Variations]"
Added Component: Designator=LED4(LED_0805)
Add component (AddParameter): Name = "Manufacturer"; Value = "Würth Elektronik"; VariantName = "[No Variations]"
Add component (AddParameter): Name = "MPN"; Value = "150080RS75000"; VariantName = "[No Variations]"
Add component (AddParameter): Name = "Value"; Value = "Red"; VariantName = "[No Variations]"
Added Component: Designator=LED5(LED_0805)
Add component (AddParameter): Name = "Manufacturer"; Value = "Würth Elektronik"; VariantName = "[No Variations]"
Add component (AddParameter): Name = "MPN"; Value = "150080RS75000"; VariantName = "[No Variations]"
Add component (AddParameter): Name = "Value"; Value = "Red"; VariantName = "[No Variations]"
Added Component: Designator=LED6(LED_0805)
Add component (AddParameter): Name = "Manufacturer"; Value = "Würth Elektronik"; VariantName = "[No Variations]"
Add component (AddParameter): Name = "MPN"; Value = "150080RS75000"; VariantName = "[No Variations]"
Add component (AddParameter): Name = "Value"; Value = "Red"; VariantName = "[No Variations]"
Added Component: Designator=LED7(LED_0805)
Add component (AddParameter): Name = "Manufacturer"; Value = "Würth Elektronik"; VariantName = "[No Variations]"
Add component (AddParameter): Name = "MPN"; Value = "150080RS75000"; VariantName = "[No Variations]"
Add component (AddParameter): Name = "Value"; Value = "Red"; VariantName = "[No Variations]"
Added Component: Designator=LED8(LED_0805)
Add component (AddParameter): Name = "Manufacturer"; Value = "Würth Elektronik"; VariantName = "[No Variations]"
Add component (AddParameter): Name = "MPN"; Value = "150080RS75000"; VariantName = "[No Variations]"
Add component (AddParameter): Name = "Value"; Value = "Red"; VariantName = "[No Variations]"
Added Component: Designator=LED9(LED_0805)
Add component (AddParameter): Name = "Manufacturer"; Value = "Würth Elektronik"; VariantName = "[No Variations]"
Add component (AddParameter): Name = "MPN"; Value = "150080RS75000"; VariantName = "[No Variations]"
Add component (AddParameter): Name = "Value"; Value = "Red"; VariantName = "[No Variations]"
Added Component: Designator=LED10(LED_0805)
Add component (AddParameter): Name = "Manufacturer"; Value = "Würth Elektronik"; VariantName = "[No Variations]"
Add component (AddParameter): Name = "MPN"; Value = "150080RS75000"; VariantName = "[No Variations]"
Add component (AddParameter): Name = "Value"; Value = "Red"; VariantName = "[No Variations]"
Added Component: Designator=LED11(LED_0805)
Add component (AddParameter): Name = "Manufacturer"; Value = "Würth Elektronik"; VariantName = "[No Variations]"
Add component (AddParameter): Name = "MPN"; Value = "150080RS75000"; VariantName = "[No Variations]"
Add component (AddParameter): Name = "Value"; Value = "Red"; VariantName = "[No Variations]"
Added Component: Designator=LED12(LED_0805)
Add component (AddParameter): Name = "Manufacturer"; Value = "Würth Elektronik"; VariantName = "[No Variations]"
Add component (AddParameter): Name = "MPN"; Value = "150080RS75000"; VariantName = "[No Variations]"
Add component (AddParameter): Name = "Value"; Value = "Red"; VariantName = "[No Variations]"
Added Component: Designator=LS1(Piezo)
Add component (AddParameter): Name = "Manufacturer"; Value = "TDK Corporation"; VariantName = "[No Variations]"
Add component (AddParameter): Name = "MPN"; Value = "PS1240P02BT"; VariantName = "[No Variations]"
Add component (AddParameter): Name = "Value"; Value = "Piezo"; VariantName = "[No Variations]"
Added Component: Designator=MISO(TP)
Add component (AddParameter): Name = "Manufacturer"; Value = "N/A"; VariantName = "[No Variations]"
Add component (AddParameter): Name = "MPN"; Value = "N/A"; VariantName = "[No Variations]"
Add component (AddParameter): Name = "Value"; Value = "TP"; VariantName = "[No Variations]"
Added Component: Designator=MOSI(TP)
Add component (AddParameter): Name = "Manufacturer"; Value = "N/A"; VariantName = "[No Variations]"
Add component (AddParameter): Name = "MPN"; Value = "N/A"; VariantName = "[No Variations]"
Add component (AddParameter): Name = "Value"; Value = "TP"; VariantName = "[No Variations]"
Added Component: Designator=P1(HRWN-M20-9980346_V)
Added Component: Designator=R1(RESC0805(2012)_M)
Add component (AddParameter): Name = "Manufacturer"; Value = "Yageo"; VariantName = "[No Variations]"
Add component (AddParameter): Name = "MPN"; Value = "RC0805JR-071KL"; VariantName = "[No Variations]"
Add component (AddParameter): Name = "Value"; Value = "220R"; VariantName = "[No Variations]"
Added Component: Designator=R2(RESC0805(2012)_M)
Add component (AddParameter): Name = "Manufacturer"; Value = "Yageo"; VariantName = "[No Variations]"
Add component (AddParameter): Name = "MPN"; Value = "RC0805JR-071KL"; VariantName = "[No Variations]"
Add component (AddParameter): Name = "Value"; Value = "220R"; VariantName = "[No Variations]"
Added Component: Designator=R3(RESC0805(2012)_M)
Add component (AddParameter): Name = "Manufacturer"; Value = "Yageo"; VariantName = "[No Variations]"
Add component (AddParameter): Name = "MPN"; Value = "RC0805JR-071KL"; VariantName = "[No Variations]"
Add component (AddParameter): Name = "Value"; Value = "220R"; VariantName = "[No Variations]"
Added Component: Designator=R4(RESC0805(2012)_M)
Add component (AddParameter): Name = "Manufacturer"; Value = "Yageo"; VariantName = "[No Variations]"
Add component (AddParameter): Name = "MPN"; Value = "RC0805JR-071KL"; VariantName = "[No Variations]"
Add component (AddParameter): Name = "Value"; Value = "220R"; VariantName = "[No Variations]"
Added Component: Designator=R5(RESC0805(2012)_M)
Add component (AddParameter): Name = "Manufacturer"; Value = "Yageo"; VariantName = "[No Variations]"
Add component (AddParameter): Name = "MPN"; Value = "RC0805JR-071KL"; VariantName = "[No Variations]"
Add component (AddParameter): Name = "Value"; Value = "220R"; VariantName = "[No Variations]"
Added Component: Designator=R6(RESC0805(2012)_M)
Add component (AddParameter): Name = "Manufacturer"; Value = "Yageo"; VariantName = "[No Variations]"
Add component (AddParameter): Name = "MPN"; Value = "RC0805JR-071KL"; VariantName = "[No Variations]"
Add component (AddParameter): Name = "Value"; Value = "220R"; VariantName = "[No Variations]"
Added Component: Designator=R7(RESC0805(2012)_M)
Add component (AddParameter): Name = "Manufacturer"; Value = "Yageo"; VariantName = "[No Variations]"
Add component (AddParameter): Name = "MPN"; Value = "RC0805JR-071KL"; VariantName = "[No Variations]"
Add component (AddParameter): Name = "Value"; Value = "220R"; VariantName = "[No Variations]"
Added Component: Designator=R8(RESC0805(2012)_M)
Add component (AddParameter): Name = "Manufacturer"; Value = "Yageo"; VariantName = "[No Variations]"
Add component (AddParameter): Name = "MPN"; Value = "RC0805JR-071KL"; VariantName = "[No Variations]"
Add component (AddParameter): Name = "Value"; Value = "220R"; VariantName = "[No Variations]"
Added Component: Designator=R9(RESC0805(2012)_M)
Add component (AddParameter): Name = "Manufacturer"; Value = "Yageo"; VariantName = "[No Variations]"
Add component (AddParameter): Name = "MPN"; Value = "RC0805JR-071KL"; VariantName = "[No Variations]"
Add component (AddParameter): Name = "Value"; Value = "220R"; VariantName = "[No Variations]"
Added Component: Designator=R10(RESC0805(2012)_M)
Add component (AddParameter): Name = "Manufacturer"; Value = "Yageo"; VariantName = "[No Variations]"
Add component (AddParameter): Name = "MPN"; Value = "RC0805JR-071KL"; VariantName = "[No Variations]"
Add component (AddParameter): Name = "Value"; Value = "220R"; VariantName = "[No Variations]"
Added Component: Designator=R11(RESC0805(2012)_M)
Add component (AddParameter): Name = "Manufacturer"; Value = "Yageo"; VariantName = "[No Variations]"
Add component (AddParameter): Name = "MPN"; Value = "RC0805JR-071KL"; VariantName = "[No Variations]"
Add component (AddParameter): Name = "Value"; Value = "220R"; VariantName = "[No Variations]"
Added Component: Designator=R12(RESC0805(2012)_M)
Add component (AddParameter): Name = "Manufacturer"; Value = "Yageo"; VariantName = "[No Variations]"
Add component (AddParameter): Name = "MPN"; Value = "RC0805JR-071KL"; VariantName = "[No Variations]"
Add component (AddParameter): Name = "Value"; Value = "220R"; VariantName = "[No Variations]"
Added Component: Designator=R13(RESC0805(2012)_M)
Add component (AddParameter): Name = "Manufacturer"; Value = "Yageo"; VariantName = "[No Variations]"
Add component (AddParameter): Name = "MPN"; Value = "RC0805JR-071KL"; VariantName = "[No Variations]"
Add component (AddParameter): Name = "Value"; Value = "220R"; VariantName = "[No Variations]"
Added Component: Designator=R14(RESC0805(2012)_M)
Add component (AddParameter): Name = "Manufacturer"; Value = "Yageo"; VariantName = "[No Variations]"
Add component (AddParameter): Name = "MPN"; Value = "RC0603JR-0710KL"; VariantName = "[No Variations]"
Add component (AddParameter): Name = "Value"; Value = "10K"; VariantName = "[No Variations]"
Added Component: Designator=SCK(TP)
Add component (AddParameter): Name = "Manufacturer"; Value = "N/A"; VariantName = "[No Variations]"
Add component (AddParameter): Name = "MPN"; Value = "N/A"; VariantName = "[No Variations]"
Add component (AddParameter): Name = "Value"; Value = "TP"; VariantName = "[No Variations]"
Added Component: Designator=SW1(EG1218_EG1218)
Add component (AddParameter): Name = "Manufacturer"; Value = "E-Switch"; VariantName = "[No Variations]"
Add component (AddParameter): Name = "MPN"; Value = "EG1218"; VariantName = "[No Variations]"
Add component (AddParameter): Name = "Value"; Value = "SPDT"; VariantName = "[No Variations]"
Added Component: Designator=U1(1-2199298-9)
Add component (AddParameter): Name = "Manufacturer"; Value = "Microchip Technology"; VariantName = "[No Variations]"
Add component (AddParameter): Name = "MPN"; Value = "ATMEGA328-PU"; VariantName = "[No Variations]"
Add component (AddParameter): Name = "Value"; Value = "ATMEGA328"; VariantName = "[No Variations]"
Added Component: Designator=U3(Batt)
Add component (AddParameter): Name = "Manufacturer"; Value = "Keystone Electronics"; VariantName = "[No Variations]"
Add component (AddParameter): Name = "MPN"; Value = "3034TR"; VariantName = "[No Variations]"
Add component (AddParameter): Name = "Value"; Value = "Coin Cell"; VariantName = "[No Variations]"
Added Component: Designator=VDD_CC(TP)
Add component (AddParameter): Name = "Manufacturer"; Value = "N/A"; VariantName = "[No Variations]"
Add component (AddParameter): Name = "MPN"; Value = "N/A"; VariantName = "[No Variations]"
Add component (AddParameter): Name = "Value"; Value = "TP"; VariantName = "[No Variations]"
Added Component: Designator=VDD(TP)
Add component (AddParameter): Name = "Manufacturer"; Value = "N/A"; VariantName = "[No Variations]"
Add component (AddParameter): Name = "MPN"; Value = "N/A"; VariantName = "[No Variations]"
Add component (AddParameter): Name = "Value"; Value = "TP"; VariantName = "[No Variations]"
Added Component: Designator=Y1(XTAL_ECS-160-20-3X-TR)
Add component (AddParameter): Name = "Manufacturer"; Value = "ECS Inc."; VariantName = "[No Variations]"
Add component (AddParameter): Name = "MPN"; Value = "ECS-160-20-3X-TR"; VariantName = "[No Variations]"
Add component (AddParameter): Name = "Value"; Value = "16MHz"; VariantName = "[No Variations]"
Added Pin To Net: NetName=GND Pin=C1-1
Added Pin To Net: NetName=VDD Pin=C1-2
Added Pin To Net: NetName=GND Pin=C2-1
Added Pin To Net: NetName=VDD Pin=C2-2
Added Pin To Net: NetName=GND Pin=C3-1
Added Pin To Net: NetName=NetC3_2 Pin=C3-2
Added Pin To Net: NetName=GND Pin=C4-1
Added Pin To Net: NetName=NetC4_2 Pin=C4-2
Added Pin To Net: NetName=GND Pin=GND-1
Added Pin To Net: NetName=NetLED1_1 Pin=LED1-1
Added Pin To Net: NetName=VDD Pin=LED1-2
Added Pin To Net: NetName=NetLED2_1 Pin=LED2-1
Added Pin To Net: NetName=VDD Pin=LED2-2
Added Pin To Net: NetName=NetLED3_1 Pin=LED3-1
Added Pin To Net: NetName=VDD Pin=LED3-2
Added Pin To Net: NetName=NetLED4_1 Pin=LED4-1
Added Pin To Net: NetName=VDD Pin=LED4-2
Added Pin To Net: NetName=NetLED5_1 Pin=LED5-1
Added Pin To Net: NetName=VDD Pin=LED5-2
Added Pin To Net: NetName=NetLED6_1 Pin=LED6-1
Added Pin To Net: NetName=VDD Pin=LED6-2
Added Pin To Net: NetName=NetLED7_1 Pin=LED7-1
Added Pin To Net: NetName=VDD Pin=LED7-2
Added Pin To Net: NetName=NetLED8_1 Pin=LED8-1
Added Pin To Net: NetName=VDD Pin=LED8-2
Added Pin To Net: NetName=NetLED9_1 Pin=LED9-1
Added Pin To Net: NetName=VDD Pin=LED9-2
Added Pin To Net: NetName=NetLED10_1 Pin=LED10-1
Added Pin To Net: NetName=VDD Pin=LED10-2
Added Pin To Net: NetName=NetLED11_1 Pin=LED11-1
Added Pin To Net: NetName=VDD Pin=LED11-2
Added Pin To Net: NetName=NetLED12_1 Pin=LED12-1
Added Pin To Net: NetName=VDD Pin=LED12-2
Added Pin To Net: NetName=VDD Pin=LS1-1
Added Pin To Net: NetName=NetLS1_2 Pin=LS1-2
Added Pin To Net: NetName=MISO Pin=MISO-1
Added Pin To Net: NetName=MOSI Pin=MOSI-1
Added Pin To Net: NetName=MISO Pin=P1-1
Added Pin To Net: NetName=VDD Pin=P1-2
Added Pin To Net: NetName=SCK Pin=P1-3
Added Pin To Net: NetName=MOSI Pin=P1-4
Added Pin To Net: NetName=RESET Pin=P1-5
Added Pin To Net: NetName=GND Pin=P1-6
Added Pin To Net: NetName=Piezo Pin=R1-1
Added Pin To Net: NetName=NetLS1_2 Pin=R1-2
Added Pin To Net: NetName=NetLED1_1 Pin=R2-1
Added Pin To Net: NetName=LED1 Pin=R2-2
Added Pin To Net: NetName=NetLED2_1 Pin=R3-1
Added Pin To Net: NetName=LED2 Pin=R3-2
Added Pin To Net: NetName=NetLED3_1 Pin=R4-1
Added Pin To Net: NetName=LED3 Pin=R4-2
Added Pin To Net: NetName=NetLED4_1 Pin=R5-1
Added Pin To Net: NetName=LED4 Pin=R5-2
Added Pin To Net: NetName=NetLED5_1 Pin=R6-1
Added Pin To Net: NetName=LED5 Pin=R6-2
Added Pin To Net: NetName=NetLED6_1 Pin=R7-1
Added Pin To Net: NetName=LED6 Pin=R7-2
Added Pin To Net: NetName=NetLED7_1 Pin=R8-1
Added Pin To Net: NetName=LED7 Pin=R8-2
Added Pin To Net: NetName=NetLED8_1 Pin=R9-1
Added Pin To Net: NetName=LED8 Pin=R9-2
Added Pin To Net: NetName=NetLED9_1 Pin=R10-1
Added Pin To Net: NetName=LED9 Pin=R10-2
Added Pin To Net: NetName=NetLED10_1 Pin=R11-1
Added Pin To Net: NetName=LED10 Pin=R11-2
Added Pin To Net: NetName=NetLED11_1 Pin=R12-1
Added Pin To Net: NetName=LED11 Pin=R12-2
Added Pin To Net: NetName=NetLED12_1 Pin=R13-1
Added Pin To Net: NetName=LED12 Pin=R13-2
Added Pin To Net: NetName=VDD Pin=R14-1
Added Pin To Net: NetName=RESET Pin=R14-2
Added Pin To Net: NetName=SCK Pin=SCK-1
Added Pin To Net: NetName=VDD_CC Pin=SW1-1
Added Pin To Net: NetName=VDD Pin=SW1-2
Added Pin To Net: NetName=GND Pin=SW1-3
Added Pin To Net: NetName=RESET Pin=U1-1
Added Pin To Net: NetName=LED1 Pin=U1-4
Added Pin To Net: NetName=LED2 Pin=U1-5
Added Pin To Net: NetName=LED3 Pin=U1-6
Added Pin To Net: NetName=VDD Pin=U1-7
Added Pin To Net: NetName=GND Pin=U1-8
Added Pin To Net: NetName=NetC3_2 Pin=U1-9
Added Pin To Net: NetName=NetC4_2 Pin=U1-10
Added Pin To Net: NetName=LED6 Pin=U1-11
Added Pin To Net: NetName=LED5 Pin=U1-12
Added Pin To Net: NetName=LED4 Pin=U1-13
Added Pin To Net: NetName=Piezo Pin=U1-15
Added Pin To Net: NetName=MOSI Pin=U1-17
Added Pin To Net: NetName=MISO Pin=U1-18
Added Pin To Net: NetName=SCK Pin=U1-19
Added Pin To Net: NetName=VDD Pin=U1-20
Added Pin To Net: NetName=GND Pin=U1-22
Added Pin To Net: NetName=LED7 Pin=U1-23
Added Pin To Net: NetName=LED8 Pin=U1-24
Added Pin To Net: NetName=LED9 Pin=U1-25
Added Pin To Net: NetName=LED10 Pin=U1-26
Added Pin To Net: NetName=LED11 Pin=U1-27
Added Pin To Net: NetName=LED12 Pin=U1-28
Added Pin To Net: NetName=GND Pin=U3-GND
Added Pin To Net: NetName=VDD_CC Pin=U3-VDD
Added Pin To Net: NetName=VDD_CC Pin=U3-VDD
Added Pin To Net: NetName=VDD Pin=VDD-1
Added Pin To Net: NetName=VDD_CC Pin=VDD_CC-1
Added Pin To Net: NetName=NetC4_2 Pin=Y1-1
Added Pin To Net: NetName=NetC3_2 Pin=Y1-2
Added Member To Class: ClassName=Badge_V2 Member=Component C1 .1uF
Added Member To Class: ClassName=Badge_V2 Member=Component C2 .1uF
Added Member To Class: ClassName=Badge_V2 Member=Component C3 33pF
Added Member To Class: ClassName=Badge_V2 Member=Component C4 33pF
Added Member To Class: ClassName=Badge_V2 Member=Component GND TP
Added Member To Class: ClassName=Badge_V2 Member=Component LED1 Red
Added Member To Class: ClassName=Badge_V2 Member=Component LED2 Red
Added Member To Class: ClassName=Badge_V2 Member=Component LED3 Red
Added Member To Class: ClassName=Badge_V2 Member=Component LED4 Red
Added Member To Class: ClassName=Badge_V2 Member=Component LED5 Red
Added Member To Class: ClassName=Badge_V2 Member=Component LED6 Red
Added Member To Class: ClassName=Badge_V2 Member=Component LED7 Red
Added Member To Class: ClassName=Badge_V2 Member=Component LED8 Red
Added Member To Class: ClassName=Badge_V2 Member=Component LED9 Red
Added Member To Class: ClassName=Badge_V2 Member=Component LED10 Red
Added Member To Class: ClassName=Badge_V2 Member=Component LED11 Red
Added Member To Class: ClassName=Badge_V2 Member=Component LED12 Red
Added Member To Class: ClassName=Badge_V2 Member=Component LS1 Piezo
Added Member To Class: ClassName=Badge_V2 Member=Component MISO TP
Added Member To Class: ClassName=Badge_V2 Member=Component MOSI TP
Added Member To Class: ClassName=Badge_V2 Member=Component P1 CN-2P-M-R6
Added Member To Class: ClassName=Badge_V2 Member=Component R1 220R
Added Member To Class: ClassName=Badge_V2 Member=Component R2 220R
Added Member To Class: ClassName=Badge_V2 Member=Component R3 220R
Added Member To Class: ClassName=Badge_V2 Member=Component R4 220R
Added Member To Class: ClassName=Badge_V2 Member=Component R5 220R
Added Member To Class: ClassName=Badge_V2 Member=Component R6 220R
Added Member To Class: ClassName=Badge_V2 Member=Component R7 220R
Added Member To Class: ClassName=Badge_V2 Member=Component R8 220R
Added Member To Class: ClassName=Badge_V2 Member=Component R9 220R
Added Member To Class: ClassName=Badge_V2 Member=Component R10 220R
Added Member To Class: ClassName=Badge_V2 Member=Component R11 220R
Added Member To Class: ClassName=Badge_V2 Member=Component R12 220R
Added Member To Class: ClassName=Badge_V2 Member=Component R13 220R
Added Member To Class: ClassName=Badge_V2 Member=Component R14 10K
Added Member To Class: ClassName=Badge_V2 Member=Component SCK TP
Added Member To Class: ClassName=Badge_V2 Member=Component SW1 SPDT
Added Member To Class: ClassName=Badge_V2 Member=Component U1 ATMEGA328
Added Member To Class: ClassName=Badge_V2 Member=Component U3 Coin Cell
Added Member To Class: ClassName=Badge_V2 Member=Component VDD_CC TP
Added Member To Class: ClassName=Badge_V2 Member=Component VDD TP
Added Member To Class: ClassName=Badge_V2 Member=Component Y1 16MHz
